<?xml version="1.0" encoding="UTF-8"?>
<!-- Generated by org.testng.reporters.JUnitXMLReporter -->
<testsuite hostname="yangyudeMacBook-Pro.local" tests="1" failures="1" timestamp="10 Aug 2016 09:31:09 GMT" time="47.56" errors="0">
  <testcase name="googleTest" time="13.604" classname="Test01">
    <failure type="org.openqa.selenium.WebDriverException" message="Method is not implemented (WARNING: The server did not provide any stacktrace information)
Command duration or timeout: 17 milliseconds
Build info: version: &amp;apos;2.53.0&amp;apos;, revision: &amp;apos;35ae25b1534ae328c771e0856c93e187490ca824&amp;apos;, time: &amp;apos;2016-03-15 10:43:46&amp;apos;
System info: host: &amp;apos;yangyudeMacBook-Pro.local&amp;apos;, ip: &amp;apos;100.66.164.134&amp;apos;, os.name: &amp;apos;Mac OS X&amp;apos;, os.arch: &amp;apos;x86_64&amp;apos;, os.version: &amp;apos;10.11.4&amp;apos;, java.version: &amp;apos;1.7.0_79&amp;apos;
Session ID: 76574b37-c46f-4e24-bb0b-aa80fca98525
Driver info: io.appium.java_client.ios.IOSDriver
Capabilities [{platform=MAC, app=/Users/yangyu/Desktop/apps/JDBClient.app, javascriptEnabled=true, browserName=, networkConnectionEnabled=false, desired={app=/Users/yangyu/Desktop/apps/JDBClient.app, platformVersion=9.3, showIOSLog=true, deviceName=iPhone 5s, platformName=iOS, browser=safari}, locationContextEnabled=false, platformVersion=9.3, showIOSLog=true, databaseEnabled=false, platformName=iOS, deviceName=iPhone 5s, webStorageEnabled=false, browser=safari, takesScreenshot=true}]">
      <![CDATA[org.openqa.selenium.WebDriverException: Method is not implemented (WARNING: The server did not provide any stacktrace information)
Command duration or timeout: 17 milliseconds
Build info: version: '2.53.0', revision: '35ae25b1534ae328c771e0856c93e187490ca824', time: '2016-03-15 10:43:46'
System info: host: 'yangyudeMacBook-Pro.local', ip: '100.66.164.134', os.name: 'Mac OS X', os.arch: 'x86_64', os.version: '10.11.4', java.version: '1.7.0_79'
Session ID: 76574b37-c46f-4e24-bb0b-aa80fca98525
Driver info: io.appium.java_client.ios.IOSDriver
Capabilities [{platform=MAC, app=/Users/yangyu/Desktop/apps/JDBClient.app, javascriptEnabled=true, browserName=, networkConnectionEnabled=false, desired={app=/Users/yangyu/Desktop/apps/JDBClient.app, platformVersion=9.3, showIOSLog=true, deviceName=iPhone 5s, platformName=iOS, browser=safari}, locationContextEnabled=false, platformVersion=9.3, showIOSLog=true, databaseEnabled=false, platformName=iOS, deviceName=iPhone 5s, webStorageEnabled=false, browser=safari, takesScreenshot=true}]
	at sun.reflect.NativeConstructorAccessorImpl.newInstance0(Native Method)
	at sun.reflect.NativeConstructorAccessorImpl.newInstance(NativeConstructorAccessorImpl.java:57)
	at sun.reflect.DelegatingConstructorAccessorImpl.newInstance(DelegatingConstructorAccessorImpl.java:45)
	at java.lang.reflect.Constructor.newInstance(Constructor.java:526)
	at org.openqa.selenium.remote.ErrorHandler.createThrowable(ErrorHandler.java:206)
	at org.openqa.selenium.remote.ErrorHandler.throwIfResponseFailed(ErrorHandler.java:158)
	at org.openqa.selenium.remote.RemoteWebDriver.execute(RemoteWebDriver.java:678)
	at io.appium.java_client.DefaultGenericMobileDriver.execute(DefaultGenericMobileDriver.java:40)
	at io.appium.java_client.AppiumDriver.execute(AppiumDriver.java:1)
	at io.appium.java_client.ios.IOSDriver.execute(IOSDriver.java:1)
	at org.openqa.selenium.remote.RemoteWebDriver.get(RemoteWebDriver.java:316)
	at Test01.googleTest(Test01.java:27)
	at sun.reflect.NativeMethodAccessorImpl.invoke0(Native Method)
	at sun.reflect.NativeMethodAccessorImpl.invoke(NativeMethodAccessorImpl.java:57)
	at sun.reflect.DelegatingMethodAccessorImpl.invoke(DelegatingMethodAccessorImpl.java:43)
	at java.lang.reflect.Method.invoke(Method.java:606)
	at org.testng.internal.MethodInvocationHelper.invokeMethod(MethodInvocationHelper.java:80)
	at org.testng.internal.Invoker.invokeMethod(Invoker.java:714)
	at org.testng.internal.Invoker.invokeTestMethod(Invoker.java:901)
	at org.testng.internal.Invoker.invokeTestMethods(Invoker.java:1231)
	at org.testng.internal.TestMethodWorker.invokeTestMethods(TestMethodWorker.java:127)
	at org.testng.internal.TestMethodWorker.run(TestMethodWorker.java:111)
	at org.testng.TestRunner.privateRun(TestRunner.java:767)
	at org.testng.TestRunner.run(TestRunner.java:617)
	at org.testng.SuiteRunner.runTest(SuiteRunner.java:334)
	at org.testng.SuiteRunner.runSequentially(SuiteRunner.java:329)
	at org.testng.SuiteRunner.privateRun(SuiteRunner.java:291)
	at org.testng.SuiteRunner.run(SuiteRunner.java:240)
	at org.testng.SuiteRunnerWorker.runSuite(SuiteRunnerWorker.java:52)
	at org.testng.SuiteRunnerWorker.run(SuiteRunnerWorker.java:86)
	at org.testng.TestNG.runSuitesSequentially(TestNG.java:1198)
	at org.testng.TestNG.runSuitesLocally(TestNG.java:1123)
	at org.testng.TestNG.run(TestNG.java:1031)
	at org.testng.remote.AbstractRemoteTestNG.run(AbstractRemoteTestNG.java:126)
	at org.testng.remote.RemoteTestNG.initAndRun(RemoteTestNG.java:137)
	at org.testng.remote.RemoteTestNG.main(RemoteTestNG.java:58)
]]>
    </failure>
  </testcase> <!-- googleTest -->
</testsuite>
